-------------------------------------------------------------------------------
Test set: com.xraytdgbddautomation.poc.xraytestjirapoc.TestSuite
-------------------------------------------------------------------------------
Tests run: 10, Failures: 4, Errors: 0, Skipped: 0, Time elapsed: 2.66 sec <<< FAILURE! - in com.xraytdgbddautomation.poc.xraytestjirapoc.TestSuite
Then I can find string "latest tech in IT" in page(Scenario: Automation With Maven Build)  Time elapsed: 0.007 sec  <<< FAILURE!
java.lang.AssertionError: Failed expected not same

Scenario: Automation With Maven Build  Time elapsed: 0.007 sec  <<< FAILURE!
java.lang.AssertionError: Failed expected not same

Then I can find string "latest tech in IT" in page(Scenario: Test case summary)  Time elapsed: 0.001 sec  <<< FAILURE!
java.lang.AssertionError: Failed expected not same

Scenario: Test case summary  Time elapsed: 0.003 sec  <<< FAILURE!
java.lang.AssertionError: Failed expected not same

